CRITICAL - 2023-06-15 16:36:51 --> Invalid file: "welcome_message.php"
in SYSTEMPATH\Exceptions\FrameworkException.php on line 33.
 1 SYSTEMPATH\View\View.php(201): CodeIgniter\Exceptions\FrameworkException::forInvalidFile('welcome_message.php')
 2 SYSTEMPATH\Common.php(1184): CodeIgniter\View\View->render('welcome_message', [], true)
 3 APPPATH\Controllers\Home.php(9): view('welcome_message')
 4 SYSTEMPATH\CodeIgniter.php(934): App\Controllers\Home->index()
 5 SYSTEMPATH\CodeIgniter.php(499): CodeIgniter\CodeIgniter->runController(Object(App\Controllers\Home))
 6 SYSTEMPATH\CodeIgniter.php(368): CodeIgniter\CodeIgniter->handleRequest(null, Object(Config\Cache), false)
 7 FCPATH\index.php(67): CodeIgniter\CodeIgniter->run()
 8 SYSTEMPATH\Commands\Server\rewrite.php(47): require_once('C:\\xampp\\htdocs\\management-project-app\\public\\index.php')
CRITICAL - 2023-06-15 16:40:43 --> Invalid file: "pages/index.php"
in SYSTEMPATH\Exceptions\FrameworkException.php on line 33.
 1 SYSTEMPATH\View\View.php(201): CodeIgniter\Exceptions\FrameworkException::forInvalidFile('pages/index.php')
 2 SYSTEMPATH\Common.php(1184): CodeIgniter\View\View->render('pages/index', [], true)
 3 APPPATH\Controllers\Home.php(9): view('pages/index')
 4 SYSTEMPATH\CodeIgniter.php(934): App\Controllers\Home->index()
 5 SYSTEMPATH\CodeIgniter.php(499): CodeIgniter\CodeIgniter->runController(Object(App\Controllers\Home))
 6 SYSTEMPATH\CodeIgniter.php(368): CodeIgniter\CodeIgniter->handleRequest(null, Object(Config\Cache), false)
 7 FCPATH\index.php(67): CodeIgniter\CodeIgniter->run()
 8 SYSTEMPATH\Commands\Server\rewrite.php(47): require_once('C:\\xampp\\htdocs\\management-project-app\\public\\index.php')
CRITICAL - 2023-06-15 16:41:50 --> Invalid file: "pages/index.php"
in SYSTEMPATH\Exceptions\FrameworkException.php on line 33.
 1 SYSTEMPATH\View\View.php(201): CodeIgniter\Exceptions\FrameworkException::forInvalidFile('pages/index.php')
 2 SYSTEMPATH\Common.php(1184): CodeIgniter\View\View->render('pages/index', [], true)
 3 APPPATH\Controllers\Home.php(9): view('pages/index')
 4 SYSTEMPATH\CodeIgniter.php(934): App\Controllers\Home->index()
 5 SYSTEMPATH\CodeIgniter.php(499): CodeIgniter\CodeIgniter->runController(Object(App\Controllers\Home))
 6 SYSTEMPATH\CodeIgniter.php(368): CodeIgniter\CodeIgniter->handleRequest(null, Object(Config\Cache), false)
 7 FCPATH\index.php(67): CodeIgniter\CodeIgniter->run()
 8 SYSTEMPATH\Commands\Server\rewrite.php(47): require_once('C:\\xampp\\htdocs\\management-project-app\\public\\index.php')
